c:\users\trevor\documents\visual studio 2015\projects\opengl_modelingproject\modelingtestproject\x64\debug\vc140.pdb
c:\users\trevor\documents\visual studio 2015\projects\opengl_modelingproject\modelingtestproject\x64\debug\vc140.idb
c:\users\trevor\documents\visual studio 2015\projects\opengl_modelingproject\modelingtestproject\x64\debug\renderedobject.obj
c:\users\trevor\documents\visual studio 2015\projects\opengl_modelingproject\x64\debug\finalgameproject.ilk
c:\users\trevor\documents\visual studio 2015\projects\opengl_modelingproject\x64\debug\finalgameproject.exe
c:\users\trevor\documents\visual studio 2015\projects\opengl_modelingproject\x64\debug\finalgameproject.pdb
c:\users\trevor\documents\visual studio 2015\projects\opengl_modelingproject\modelingtestproject\x64\debug\grouping.obj
c:\users\trevor\documents\visual studio 2015\projects\opengl_modelingproject\modelingtestproject\x64\debug\main.obj
c:\users\trevor\documents\visual studio 2015\projects\opengl_modelingproject\modelingtestproject\x64\debug\objectmesh.obj
c:\users\trevor\documents\visual studio 2015\projects\opengl_modelingproject\modelingtestproject\x64\debug\objloader.obj
c:\users\trevor\documents\visual studio 2015\projects\opengl_modelingproject\modelingtestproject\x64\debug\scene.obj
c:\users\trevor\documents\visual studio 2015\projects\opengl_modelingproject\modelingtestproject\x64\debug\sceneobject.obj
c:\users\trevor\documents\visual studio 2015\projects\opengl_modelingproject\modelingtestproject\x64\debug\texture.obj
c:\users\trevor\documents\visual studio 2015\projects\opengl_modelingproject\modelingtestproject\x64\debug\transform.obj
c:\users\trevor\documents\visual studio 2015\projects\opengl_modelingproject\modelingtestproject\x64\debug\transformer.obj
c:\users\trevor\documents\visual studio 2015\projects\opengl_modelingproject\modelingtestproject\x64\debug\main.obj.enc
c:\users\trevor\documents\visual studio 2015\projects\opengl_modelingproject\modelingtestproject\x64\debug\finalgameproject.tlog\cl.command.1.tlog
c:\users\trevor\documents\visual studio 2015\projects\opengl_modelingproject\modelingtestproject\x64\debug\finalgameproject.tlog\cl.read.1.tlog
c:\users\trevor\documents\visual studio 2015\projects\opengl_modelingproject\modelingtestproject\x64\debug\finalgameproject.tlog\cl.write.1.tlog
c:\users\trevor\documents\visual studio 2015\projects\opengl_modelingproject\modelingtestproject\x64\debug\finalgameproject.tlog\link.command.1.tlog
c:\users\trevor\documents\visual studio 2015\projects\opengl_modelingproject\modelingtestproject\x64\debug\finalgameproject.tlog\link.read.1.tlog
c:\users\trevor\documents\visual studio 2015\projects\opengl_modelingproject\modelingtestproject\x64\debug\finalgameproject.tlog\link.write.1.tlog
